[19/Apr/2020:03:53:10] (ℹ️): WordPress Instance Info:
[19/Apr/2020:03:53:10] (ℹ️): Home URL : https://uuatm.com
[19/Apr/2020:03:53:10] (ℹ️): Site URL : https://uuatm.com
[19/Apr/2020:03:53:10] (ℹ️): WordPress Version : 5.4
[19/Apr/2020:03:53:10] (ℹ️): Onboarding Version : 1.8.2
[19/Apr/2020:03:53:10] (ℹ️): Multisite : No
[19/Apr/2020:03:53:10] (ℹ️): Server Info : LiteSpeed
[19/Apr/2020:03:53:10] (ℹ️): PHP Version : 7.3.16-1+bionic
[19/Apr/2020:03:53:10] (ℹ️): HTTPS : Yes
[19/Apr/2020:03:53:10] (ℹ️): PHP Max Execution Time : 360
[19/Apr/2020:03:53:10] (ℹ️): PHP Max Input Vars : 1000
[19/Apr/2020:03:53:10] (ℹ️): Max Upload Size : 16777216
[19/Apr/2020:03:53:10] (ℹ️): Plugins:
[19/Apr/2020:03:53:10] (ℹ️): [PLUGIN] Akismet Anti-Spam : v4.1.4 (Automattic)
[19/Apr/2020:03:53:10] (ℹ️): [PLUGIN] AMP : v1.5.2 (AMP Project Contributors)
[19/Apr/2020:03:53:10] (ℹ️): [PLUGIN] Google XML Sitemaps : v4.1.0 (Arne Brachhold)
[19/Apr/2020:03:53:10] (ℹ️): [PLUGIN] LiteSpeed缓存 : v2.9.9.2 (LiteSpeed Technologies)
[19/Apr/2020:03:53:10] (ℹ️): [PLUGIN] Image optimization service by Optimole : v2.3.0 (Optimole)
[19/Apr/2020:03:53:10] (ℹ️): [PLUGIN] WP Githuber MD : v1.12.2 (Terry Lin)
[19/Apr/2020:03:53:10] (ℹ️): [PLUGIN] WPJAM BASIC : v4.1.1 (Denis)
